*** Starting uWSGI 2.0.31 (64bit) on [Tue Nov 11 23:17:18 2025] ***
compiled with version: 4.8.5 20150623 (Red Hat 4.8.5-44) on 11 November 2025 15:12:03
os: Linux-3.10.0-957.21.3.el7.x86_64 #1 SMP Tue Jun 18 16:35:19 UTC 2019
nodename: iZbp1fnf3yqoygqul92xjqZ
machine: x86_64
clock source: unix
pcre jit disabled
detected number of CPU cores: 2
current working directory: /www/wwwroot/contact_api
writing pidfile to /www/wwwroot/contact_api/uwsgi.pid
detected binary path: /usr/bin/uwsgi
uWSGI running as root, you can use --uid/--gid/--chroot options
*** WARNING: you are running uWSGI as root !!! (use the --uid flag) *** 
chdir() to /www/wwwroot/contact_api
your processes number limit is 6943
your memory page size is 4096 bytes
detected max file descriptor number: 65535
lock engine: pthread robust mutexes
thunder lock: enabled
probably another instance of uWSGI is running on the same address (0.0.0.0:8000).
bind(): Address already in use [core/socket.c line 769]
